2025-07-26 14:24:03 - Starting Application using Java 23.0.1 on MaksimAvAvAv with PID 24516 (C:\Users\shyta\IdeaProjects\PP_3_1_3\target\classes started by shyta in C:\Users\shyta\IdeaProjects\PP_3_1_3)
2025-07-26 14:24:03 - No active profile set, falling back to 1 default profile: "default"
2025-07-26 14:24:04 - Bootstrapping Spring Data JPA repositories in DEFAULT mode.
2025-07-26 14:24:04 - Finished Spring Data repository scanning in 66 ms. Found 2 JPA repository interfaces.
2025-07-26 14:24:05 - Tomcat initialized with port(s): 8080 (http)
2025-07-26 14:24:05 - Initializing ProtocolHandler ["http-nio-8080"]
2025-07-26 14:24:05 - Starting service [Tomcat]
2025-07-26 14:24:05 - Starting Servlet engine: [Apache Tomcat/9.0.76]
2025-07-26 14:24:05 - Initializing Spring embedded WebApplicationContext
2025-07-26 14:24:05 - Root WebApplicationContext: initialization completed in 1796 ms
2025-07-26 14:24:06 - HHH000204: Processing PersistenceUnitInfo [name: default]
2025-07-26 14:24:06 - HHH000412: Hibernate ORM core version 5.6.15.Final
2025-07-26 14:24:06 - HCANN000001: Hibernate Commons Annotations {5.1.2.Final}
2025-07-26 14:24:06 - HikariPool-1 - Starting...
2025-07-26 14:24:06 - HikariPool-1 - Start completed.
2025-07-26 14:24:07 - HHH000400: Using dialect: org.hibernate.dialect.MySQL8Dialect
2025-07-26 14:24:07 - HHH000490: Using JtaPlatform implementation: [org.hibernate.engine.transaction.jta.platform.internal.NoJtaPlatform]
2025-07-26 14:24:07 - Initialized JPA EntityManagerFactory for persistence unit 'default'
2025-07-26 14:24:08 - Will secure any request with [org.springframework.security.web.session.DisableEncodeUrlFilter@96c840a, org.springframework.security.web.context.request.async.WebAsyncManagerIntegrationFilter@5c81ddab, org.springframework.security.web.context.SecurityContextPersistenceFilter@2f82e3cf, org.springframework.security.web.header.HeaderWriterFilter@870a9f2, org.springframework.security.web.authentication.logout.LogoutFilter@7efba9b9, org.springframework.security.web.authentication.UsernamePasswordAuthenticationFilter@6e22d6bf, org.springframework.security.web.savedrequest.RequestCacheAwareFilter@6b6606d1, org.springframework.security.web.servletapi.SecurityContextHolderAwareRequestFilter@27605b87, org.springframework.security.web.authentication.AnonymousAuthenticationFilter@24ee6faa, org.springframework.security.web.session.SessionManagementFilter@7f2542f, org.springframework.security.web.access.ExceptionTranslationFilter@3f6a9ba0, org.springframework.security.web.access.intercept.FilterSecurityInterceptor@5eae392d]
2025-07-26 14:24:08 - spring.jpa.open-in-view is enabled by default. Therefore, database queries may be performed during view rendering. Explicitly configure spring.jpa.open-in-view to disable this warning
2025-07-26 14:24:08 - Adding welcome page template: index
2025-07-26 14:24:09 - Starting ProtocolHandler ["http-nio-8080"]
2025-07-26 14:24:09 - Tomcat started on port(s): 8080 (http) with context path ''
2025-07-26 14:24:09 - Started Application in 5.529 seconds (JVM running for 6.35)
2025-07-26 14:27:49 - Closing JPA EntityManagerFactory for persistence unit 'default'
2025-07-26 14:27:50 - HikariPool-1 - Shutdown initiated...
2025-07-26 14:27:50 - HikariPool-1 - Shutdown completed.
2025-07-26 14:27:57 - Starting Application using Java 23.0.1 on MaksimAvAvAv with PID 3024 (C:\Users\shyta\IdeaProjects\PP_3_1_3\target\classes started by shyta in C:\Users\shyta\IdeaProjects\PP_3_1_3)
2025-07-26 14:27:57 - No active profile set, falling back to 1 default profile: "default"
2025-07-26 14:27:58 - Bootstrapping Spring Data JPA repositories in DEFAULT mode.
2025-07-26 14:27:58 - Finished Spring Data repository scanning in 58 ms. Found 2 JPA repository interfaces.
2025-07-26 14:27:59 - Tomcat initialized with port(s): 8080 (http)
2025-07-26 14:27:59 - Initializing ProtocolHandler ["http-nio-8080"]
2025-07-26 14:27:59 - Starting service [Tomcat]
2025-07-26 14:27:59 - Starting Servlet engine: [Apache Tomcat/9.0.76]
2025-07-26 14:27:59 - Initializing Spring embedded WebApplicationContext
2025-07-26 14:27:59 - Root WebApplicationContext: initialization completed in 1666 ms
2025-07-26 14:27:59 - HHH000204: Processing PersistenceUnitInfo [name: default]
2025-07-26 14:27:59 - HHH000412: Hibernate ORM core version 5.6.15.Final
2025-07-26 14:27:59 - HCANN000001: Hibernate Commons Annotations {5.1.2.Final}
2025-07-26 14:27:59 - HikariPool-1 - Starting...
2025-07-26 14:28:00 - HikariPool-1 - Start completed.
2025-07-26 14:28:00 - HHH000400: Using dialect: org.hibernate.dialect.MySQL8Dialect
2025-07-26 14:28:01 - HHH000490: Using JtaPlatform implementation: [org.hibernate.engine.transaction.jta.platform.internal.NoJtaPlatform]
2025-07-26 14:28:01 - Initialized JPA EntityManagerFactory for persistence unit 'default'
2025-07-26 14:28:01 - Will secure any request with [org.springframework.security.web.session.DisableEncodeUrlFilter@6b756a62, org.springframework.security.web.context.request.async.WebAsyncManagerIntegrationFilter@394b9e22, org.springframework.security.web.context.SecurityContextPersistenceFilter@1fc4483f, org.springframework.security.web.header.HeaderWriterFilter@301f9aa0, org.springframework.security.web.authentication.logout.LogoutFilter@25e203e6, org.springframework.security.web.authentication.UsernamePasswordAuthenticationFilter@24ee6faa, org.springframework.security.web.savedrequest.RequestCacheAwareFilter@5adc71e7, org.springframework.security.web.servletapi.SecurityContextHolderAwareRequestFilter@7fc5a558, org.springframework.security.web.authentication.AnonymousAuthenticationFilter@6e0f259e, org.springframework.security.web.session.SessionManagementFilter@3a44993c, org.springframework.security.web.access.ExceptionTranslationFilter@7f2542f, org.springframework.security.web.access.intercept.FilterSecurityInterceptor@29bf90fc]
2025-07-26 14:28:01 - spring.jpa.open-in-view is enabled by default. Therefore, database queries may be performed during view rendering. Explicitly configure spring.jpa.open-in-view to disable this warning
2025-07-26 14:28:02 - Adding welcome page template: index
2025-07-26 14:28:02 - Starting ProtocolHandler ["http-nio-8080"]
2025-07-26 14:28:02 - Tomcat started on port(s): 8080 (http) with context path ''
2025-07-26 14:28:02 - Started Application in 5.396 seconds (JVM running for 6.069)
2025-07-26 14:36:56 - HikariPool-1 - Thread starvation or clock leap detected (housekeeper delta=5m55s538ms131µs200ns).
2025-07-26 14:41:16 - HikariPool-1 - Thread starvation or clock leap detected (housekeeper delta=1m20s428ms398µs300ns).
2025-07-26 14:45:59 - Closing JPA EntityManagerFactory for persistence unit 'default'
2025-07-26 14:45:59 - HikariPool-1 - Shutdown initiated...
2025-07-26 14:45:59 - HikariPool-1 - Shutdown completed.
2025-07-26 14:47:46 - Starting Application using Java 23.0.1 on MaksimAvAvAv with PID 14220 (C:\Users\shyta\IdeaProjects\PP_3_1_3\target\classes started by shyta in C:\Users\shyta\IdeaProjects\PP_3_1_3)
2025-07-26 14:47:46 - No active profile set, falling back to 1 default profile: "default"
2025-07-26 14:47:47 - Bootstrapping Spring Data JPA repositories in DEFAULT mode.
2025-07-26 14:47:47 - Finished Spring Data repository scanning in 65 ms. Found 2 JPA repository interfaces.
2025-07-26 14:47:47 - Tomcat initialized with port(s): 8080 (http)
2025-07-26 14:47:47 - Initializing ProtocolHandler ["http-nio-8080"]
2025-07-26 14:47:47 - Starting service [Tomcat]
2025-07-26 14:47:47 - Starting Servlet engine: [Apache Tomcat/9.0.76]
2025-07-26 14:47:48 - Initializing Spring embedded WebApplicationContext
2025-07-26 14:47:48 - Root WebApplicationContext: initialization completed in 1596 ms
2025-07-26 14:47:48 - HHH000204: Processing PersistenceUnitInfo [name: default]
2025-07-26 14:47:48 - HHH000412: Hibernate ORM core version 5.6.15.Final
2025-07-26 14:47:48 - HCANN000001: Hibernate Commons Annotations {5.1.2.Final}
2025-07-26 14:47:48 - HikariPool-1 - Starting...
2025-07-26 14:47:49 - HikariPool-1 - Start completed.
2025-07-26 14:47:49 - HHH000400: Using dialect: org.hibernate.dialect.MySQL8Dialect
2025-07-26 14:47:50 - HHH000490: Using JtaPlatform implementation: [org.hibernate.engine.transaction.jta.platform.internal.NoJtaPlatform]
2025-07-26 14:47:50 - Initialized JPA EntityManagerFactory for persistence unit 'default'
2025-07-26 14:47:50 - Will secure any request with [org.springframework.security.web.session.DisableEncodeUrlFilter@6b756a62, org.springframework.security.web.context.request.async.WebAsyncManagerIntegrationFilter@394b9e22, org.springframework.security.web.context.SecurityContextPersistenceFilter@1fc4483f, org.springframework.security.web.header.HeaderWriterFilter@301f9aa0, org.springframework.security.web.authentication.logout.LogoutFilter@25e203e6, org.springframework.security.web.authentication.UsernamePasswordAuthenticationFilter@24ee6faa, org.springframework.security.web.savedrequest.RequestCacheAwareFilter@5adc71e7, org.springframework.security.web.servletapi.SecurityContextHolderAwareRequestFilter@7fc5a558, org.springframework.security.web.authentication.AnonymousAuthenticationFilter@6e0f259e, org.springframework.security.web.session.SessionManagementFilter@3a44993c, org.springframework.security.web.access.ExceptionTranslationFilter@7f2542f, org.springframework.security.web.access.intercept.FilterSecurityInterceptor@29bf90fc]
2025-07-26 14:47:51 - spring.jpa.open-in-view is enabled by default. Therefore, database queries may be performed during view rendering. Explicitly configure spring.jpa.open-in-view to disable this warning
2025-07-26 14:47:51 - Adding welcome page template: index
2025-07-26 14:47:51 - Starting ProtocolHandler ["http-nio-8080"]
2025-07-26 14:47:51 - Tomcat started on port(s): 8080 (http) with context path ''
2025-07-26 14:47:51 - Started Application in 5.622 seconds (JVM running for 6.289)
2025-07-26 14:48:14 - Initializing Spring DispatcherServlet 'dispatcherServlet'
2025-07-26 14:48:14 - Initializing Servlet 'dispatcherServlet'
2025-07-26 14:48:14 - Completed initialization in 2 ms
2025-07-26 14:48:20 - User admin@example.com logged in successfully, redirecting to: /admin
2025-07-26 14:48:23 - Передано 4 ролей в модель для редактирования пользователя с ID 15.
2025-07-26 14:48:23 - Роль: ADMIN
2025-07-26 14:48:23 - Роль: ROLE_ADMIN
2025-07-26 14:48:23 - Роль: ROLE_USER
2025-07-26 14:48:23 - Роль: USER
2025-07-26 14:48:23 - [THYMELEAF][http-nio-8080-exec-8] Exception processing template "edit-user": Error resolving template [edit-user], template might not exist or might not be accessible by any of the configured Template Resolvers
org.thymeleaf.exceptions.TemplateInputException: Error resolving template [edit-user], template might not exist or might not be accessible by any of the configured Template Resolvers
	at org.thymeleaf.engine.TemplateManager.resolveTemplate(TemplateManager.java:869)
	at org.thymeleaf.engine.TemplateManager.parseAndProcess(TemplateManager.java:607)
	at org.thymeleaf.TemplateEngine.process(TemplateEngine.java:1098)
	at org.thymeleaf.TemplateEngine.process(TemplateEngine.java:1072)
	at org.thymeleaf.spring5.view.ThymeleafView.renderFragment(ThymeleafView.java:366)
	at org.thymeleaf.spring5.view.ThymeleafView.render(ThymeleafView.java:190)
	at org.springframework.web.servlet.DispatcherServlet.render(DispatcherServlet.java:1406)
	at org.springframework.web.servlet.DispatcherServlet.processDispatchResult(DispatcherServlet.java:1150)
	at org.springframework.web.servlet.DispatcherServlet.doDispatch(DispatcherServlet.java:1089)
	at org.springframework.web.servlet.DispatcherServlet.doService(DispatcherServlet.java:965)
	at org.springframework.web.servlet.FrameworkServlet.processRequest(FrameworkServlet.java:1006)
	at org.springframework.web.servlet.FrameworkServlet.doGet(FrameworkServlet.java:898)
	at javax.servlet.http.HttpServlet.service(HttpServlet.java:529)
	at org.springframework.web.servlet.FrameworkServlet.service(FrameworkServlet.java:883)
	at javax.servlet.http.HttpServlet.service(HttpServlet.java:623)
	at org.apache.catalina.core.ApplicationFilterChain.internalDoFilter(ApplicationFilterChain.java:209)
	at org.apache.catalina.core.ApplicationFilterChain.doFilter(ApplicationFilterChain.java:153)
	at org.apache.tomcat.websocket.server.WsFilter.doFilter(WsFilter.java:51)
	at org.apache.catalina.core.ApplicationFilterChain.internalDoFilter(ApplicationFilterChain.java:178)
	at org.apache.catalina.core.ApplicationFilterChain.doFilter(ApplicationFilterChain.java:153)
	at org.springframework.security.web.FilterChainProxy$VirtualFilterChain.doFilter(FilterChainProxy.java:337)
	at org.springframework.security.web.access.intercept.FilterSecurityInterceptor.invoke(FilterSecurityInterceptor.java:115)
	at org.springframework.security.web.access.intercept.FilterSecurityInterceptor.doFilter(FilterSecurityInterceptor.java:81)
	at org.springframework.security.web.FilterChainProxy$VirtualFilterChain.doFilter(FilterChainProxy.java:346)
	at org.springframework.security.web.access.ExceptionTranslationFilter.doFilter(ExceptionTranslationFilter.java:122)
	at org.springframework.security.web.access.ExceptionTranslationFilter.doFilter(ExceptionTranslationFilter.java:116)
	at org.springframework.security.web.FilterChainProxy$VirtualFilterChain.doFilter(FilterChainProxy.java:346)
	at org.springframework.security.web.session.SessionManagementFilter.doFilter(SessionManagementFilter.java:126)
	at org.springframework.security.web.session.SessionManagementFilter.doFilter(SessionManagementFilter.java:81)
	at org.springframework.security.web.FilterChainProxy$VirtualFilterChain.doFilter(FilterChainProxy.java:346)
	at org.springframework.security.web.authentication.AnonymousAuthenticationFilter.doFilter(AnonymousAuthenticationFilter.java:109)
	at org.springframework.security.web.FilterChainProxy$VirtualFilterChain.doFilter(FilterChainProxy.java:346)
	at org.springframework.security.web.servletapi.SecurityContextHolderAwareRequestFilter.doFilter(SecurityContextHolderAwareRequestFilter.java:149)
	at org.springframework.security.web.FilterChainProxy$VirtualFilterChain.doFilter(FilterChainProxy.java:346)
	at org.springframework.security.web.savedrequest.RequestCacheAwareFilter.doFilter(RequestCacheAwareFilter.java:63)
	at org.springframework.security.web.FilterChainProxy$VirtualFilterChain.doFilter(FilterChainProxy.java:346)
	at org.springframework.security.web.authentication.AbstractAuthenticationProcessingFilter.doFilter(AbstractAuthenticationProcessingFilter.java:223)
	at org.springframework.security.web.authentication.AbstractAuthenticationProcessingFilter.doFilter(AbstractAuthenticationProcessingFilter.java:217)
	at org.springframework.security.web.FilterChainProxy$VirtualFilterChain.doFilter(FilterChainProxy.java:346)
	at org.springframework.security.web.authentication.logout.LogoutFilter.doFilter(LogoutFilter.java:103)
	at org.springframework.security.web.authentication.logout.LogoutFilter.doFilter(LogoutFilter.java:89)
	at org.springframework.security.web.FilterChainProxy$VirtualFilterChain.doFilter(FilterChainProxy.java:346)
	at org.springframework.security.web.header.HeaderWriterFilter.doHeadersAfter(HeaderWriterFilter.java:90)
	at org.springframework.security.web.header.HeaderWriterFilter.doFilterInternal(HeaderWriterFilter.java:75)
	at org.springframework.web.filter.OncePerRequestFilter.doFilter(OncePerRequestFilter.java:117)
	at org.springframework.security.web.FilterChainProxy$VirtualFilterChain.doFilter(FilterChainProxy.java:346)
	at org.springframework.security.web.context.SecurityContextPersistenceFilter.doFilter(SecurityContextPersistenceFilter.java:112)
	at org.springframework.security.web.context.SecurityContextPersistenceFilter.doFilter(SecurityContextPersistenceFilter.java:82)
	at org.springframework.security.web.FilterChainProxy$VirtualFilterChain.doFilter(FilterChainProxy.java:346)
	at org.springframework.security.web.context.request.async.WebAsyncManagerIntegrationFilter.doFilterInternal(WebAsyncManagerIntegrationFilter.java:55)
	at org.springframework.web.filter.OncePerRequestFilter.doFilter(OncePerRequestFilter.java:117)
	at org.springframework.security.web.FilterChainProxy$VirtualFilterChain.doFilter(FilterChainProxy.java:346)
	at org.springframework.security.web.session.DisableEncodeUrlFilter.doFilterInternal(DisableEncodeUrlFilter.java:42)
	at org.springframework.web.filter.OncePerRequestFilter.doFilter(OncePerRequestFilter.java:117)
	at org.springframework.security.web.FilterChainProxy$VirtualFilterChain.doFilter(FilterChainProxy.java:346)
	at org.springframework.security.web.FilterChainProxy.doFilterInternal(FilterChainProxy.java:221)
	at org.springframework.security.web.FilterChainProxy.doFilter(FilterChainProxy.java:186)
	at org.springframework.web.filter.DelegatingFilterProxy.invokeDelegate(DelegatingFilterProxy.java:354)
	at org.springframework.web.filter.DelegatingFilterProxy.doFilter(DelegatingFilterProxy.java:267)
	at org.apache.catalina.core.ApplicationFilterChain.internalDoFilter(ApplicationFilterChain.java:178)
	at org.apache.catalina.core.ApplicationFilterChain.doFilter(ApplicationFilterChain.java:153)
	at org.springframework.web.filter.RequestContextFilter.doFilterInternal(RequestContextFilter.java:100)
	at org.springframework.web.filter.OncePerRequestFilter.doFilter(OncePerRequestFilter.java:117)
	at org.apache.catalina.core.ApplicationFilterChain.internalDoFilter(ApplicationFilterChain.java:178)
	at org.apache.catalina.core.ApplicationFilterChain.doFilter(ApplicationFilterChain.java:153)
	at org.springframework.web.filter.FormContentFilter.doFilterInternal(FormContentFilter.java:93)
	at org.springframework.web.filter.OncePerRequestFilter.doFilter(OncePerRequestFilter.java:117)
	at org.apache.catalina.core.ApplicationFilterChain.internalDoFilter(ApplicationFilterChain.java:178)
	at org.apache.catalina.core.ApplicationFilterChain.doFilter(ApplicationFilterChain.java:153)
	at org.springframework.web.filter.CharacterEncodingFilter.doFilterInternal(CharacterEncodingFilter.java:201)
	at org.springframework.web.filter.OncePerRequestFilter.doFilter(OncePerRequestFilter.java:117)
	at org.apache.catalina.core.ApplicationFilterChain.internalDoFilter(ApplicationFilterChain.java:178)
	at org.apache.catalina.core.ApplicationFilterChain.doFilter(ApplicationFilterChain.java:153)
	at org.apache.catalina.core.StandardWrapperValve.invoke(StandardWrapperValve.java:167)
	at org.apache.catalina.core.StandardContextValve.invoke(StandardContextValve.java:90)
	at org.apache.catalina.authenticator.AuthenticatorBase.invoke(AuthenticatorBase.java:481)
	at org.apache.catalina.core.StandardHostValve.invoke(StandardHostValve.java:130)
	at org.apache.catalina.valves.ErrorReportValve.invoke(ErrorReportValve.java:93)
	at org.apache.catalina.core.StandardEngineValve.invoke(StandardEngineValve.java:74)
	at org.apache.catalina.connector.CoyoteAdapter.service(CoyoteAdapter.java:343)
	at org.apache.coyote.http11.Http11Processor.service(Http11Processor.java:390)
	at org.apache.coyote.AbstractProcessorLight.process(AbstractProcessorLight.java:63)
	at org.apache.coyote.AbstractProtocol$ConnectionHandler.process(AbstractProtocol.java:926)
	at org.apache.tomcat.util.net.NioEndpoint$SocketProcessor.doRun(NioEndpoint.java:1791)
	at org.apache.tomcat.util.net.SocketProcessorBase.run(SocketProcessorBase.java:52)
	at org.apache.tomcat.util.threads.ThreadPoolExecutor.runWorker(ThreadPoolExecutor.java:1191)
	at org.apache.tomcat.util.threads.ThreadPoolExecutor$Worker.run(ThreadPoolExecutor.java:659)
	at org.apache.tomcat.util.threads.TaskThread$WrappingRunnable.run(TaskThread.java:61)
	at java.base/java.lang.Thread.run(Thread.java:1575)
2025-07-26 14:48:23 - Servlet.service() for servlet [dispatcherServlet] in context with path [] threw exception [Request processing failed; nested exception is org.thymeleaf.exceptions.TemplateInputException: Error resolving template [edit-user], template might not exist or might not be accessible by any of the configured Template Resolvers] with root cause
org.thymeleaf.exceptions.TemplateInputException: Error resolving template [edit-user], template might not exist or might not be accessible by any of the configured Template Resolvers
	at org.thymeleaf.engine.TemplateManager.resolveTemplate(TemplateManager.java:869)
	at org.thymeleaf.engine.TemplateManager.parseAndProcess(TemplateManager.java:607)
	at org.thymeleaf.TemplateEngine.process(TemplateEngine.java:1098)
	at org.thymeleaf.TemplateEngine.process(TemplateEngine.java:1072)
	at org.thymeleaf.spring5.view.ThymeleafView.renderFragment(ThymeleafView.java:366)
	at org.thymeleaf.spring5.view.ThymeleafView.render(ThymeleafView.java:190)
	at org.springframework.web.servlet.DispatcherServlet.render(DispatcherServlet.java:1406)
	at org.springframework.web.servlet.DispatcherServlet.processDispatchResult(DispatcherServlet.java:1150)
	at org.springframework.web.servlet.DispatcherServlet.doDispatch(DispatcherServlet.java:1089)
	at org.springframework.web.servlet.DispatcherServlet.doService(DispatcherServlet.java:965)
	at org.springframework.web.servlet.FrameworkServlet.processRequest(FrameworkServlet.java:1006)
	at org.springframework.web.servlet.FrameworkServlet.doGet(FrameworkServlet.java:898)
	at javax.servlet.http.HttpServlet.service(HttpServlet.java:529)
	at org.springframework.web.servlet.FrameworkServlet.service(FrameworkServlet.java:883)
	at javax.servlet.http.HttpServlet.service(HttpServlet.java:623)
	at org.apache.catalina.core.ApplicationFilterChain.internalDoFilter(ApplicationFilterChain.java:209)
	at org.apache.catalina.core.ApplicationFilterChain.doFilter(ApplicationFilterChain.java:153)
	at org.apache.tomcat.websocket.server.WsFilter.doFilter(WsFilter.java:51)
	at org.apache.catalina.core.ApplicationFilterChain.internalDoFilter(ApplicationFilterChain.java:178)
	at org.apache.catalina.core.ApplicationFilterChain.doFilter(ApplicationFilterChain.java:153)
	at org.springframework.security.web.FilterChainProxy$VirtualFilterChain.doFilter(FilterChainProxy.java:337)
	at org.springframework.security.web.access.intercept.FilterSecurityInterceptor.invoke(FilterSecurityInterceptor.java:115)
	at org.springframework.security.web.access.intercept.FilterSecurityInterceptor.doFilter(FilterSecurityInterceptor.java:81)
	at org.springframework.security.web.FilterChainProxy$VirtualFilterChain.doFilter(FilterChainProxy.java:346)
	at org.springframework.security.web.access.ExceptionTranslationFilter.doFilter(ExceptionTranslationFilter.java:122)
	at org.springframework.security.web.access.ExceptionTranslationFilter.doFilter(ExceptionTranslationFilter.java:116)
	at org.springframework.security.web.FilterChainProxy$VirtualFilterChain.doFilter(FilterChainProxy.java:346)
	at org.springframework.security.web.session.SessionManagementFilter.doFilter(SessionManagementFilter.java:126)
	at org.springframework.security.web.session.SessionManagementFilter.doFilter(SessionManagementFilter.java:81)
	at org.springframework.security.web.FilterChainProxy$VirtualFilterChain.doFilter(FilterChainProxy.java:346)
	at org.springframework.security.web.authentication.AnonymousAuthenticationFilter.doFilter(AnonymousAuthenticationFilter.java:109)
	at org.springframework.security.web.FilterChainProxy$VirtualFilterChain.doFilter(FilterChainProxy.java:346)
	at org.springframework.security.web.servletapi.SecurityContextHolderAwareRequestFilter.doFilter(SecurityContextHolderAwareRequestFilter.java:149)
	at org.springframework.security.web.FilterChainProxy$VirtualFilterChain.doFilter(FilterChainProxy.java:346)
	at org.springframework.security.web.savedrequest.RequestCacheAwareFilter.doFilter(RequestCacheAwareFilter.java:63)
	at org.springframework.security.web.FilterChainProxy$VirtualFilterChain.doFilter(FilterChainProxy.java:346)
	at org.springframework.security.web.authentication.AbstractAuthenticationProcessingFilter.doFilter(AbstractAuthenticationProcessingFilter.java:223)
	at org.springframework.security.web.authentication.AbstractAuthenticationProcessingFilter.doFilter(AbstractAuthenticationProcessingFilter.java:217)
	at org.springframework.security.web.FilterChainProxy$VirtualFilterChain.doFilter(FilterChainProxy.java:346)
	at org.springframework.security.web.authentication.logout.LogoutFilter.doFilter(LogoutFilter.java:103)
	at org.springframework.security.web.authentication.logout.LogoutFilter.doFilter(LogoutFilter.java:89)
	at org.springframework.security.web.FilterChainProxy$VirtualFilterChain.doFilter(FilterChainProxy.java:346)
	at org.springframework.security.web.header.HeaderWriterFilter.doHeadersAfter(HeaderWriterFilter.java:90)
	at org.springframework.security.web.header.HeaderWriterFilter.doFilterInternal(HeaderWriterFilter.java:75)
	at org.springframework.web.filter.OncePerRequestFilter.doFilter(OncePerRequestFilter.java:117)
	at org.springframework.security.web.FilterChainProxy$VirtualFilterChain.doFilter(FilterChainProxy.java:346)
	at org.springframework.security.web.context.SecurityContextPersistenceFilter.doFilter(SecurityContextPersistenceFilter.java:112)
	at org.springframework.security.web.context.SecurityContextPersistenceFilter.doFilter(SecurityContextPersistenceFilter.java:82)
	at org.springframework.security.web.FilterChainProxy$VirtualFilterChain.doFilter(FilterChainProxy.java:346)
	at org.springframework.security.web.context.request.async.WebAsyncManagerIntegrationFilter.doFilterInternal(WebAsyncManagerIntegrationFilter.java:55)
	at org.springframework.web.filter.OncePerRequestFilter.doFilter(OncePerRequestFilter.java:117)
	at org.springframework.security.web.FilterChainProxy$VirtualFilterChain.doFilter(FilterChainProxy.java:346)
	at org.springframework.security.web.session.DisableEncodeUrlFilter.doFilterInternal(DisableEncodeUrlFilter.java:42)
	at org.springframework.web.filter.OncePerRequestFilter.doFilter(OncePerRequestFilter.java:117)
	at org.springframework.security.web.FilterChainProxy$VirtualFilterChain.doFilter(FilterChainProxy.java:346)
	at org.springframework.security.web.FilterChainProxy.doFilterInternal(FilterChainProxy.java:221)
	at org.springframework.security.web.FilterChainProxy.doFilter(FilterChainProxy.java:186)
	at org.springframework.web.filter.DelegatingFilterProxy.invokeDelegate(DelegatingFilterProxy.java:354)
	at org.springframework.web.filter.DelegatingFilterProxy.doFilter(DelegatingFilterProxy.java:267)
	at org.apache.catalina.core.ApplicationFilterChain.internalDoFilter(ApplicationFilterChain.java:178)
	at org.apache.catalina.core.ApplicationFilterChain.doFilter(ApplicationFilterChain.java:153)
	at org.springframework.web.filter.RequestContextFilter.doFilterInternal(RequestContextFilter.java:100)
	at org.springframework.web.filter.OncePerRequestFilter.doFilter(OncePerRequestFilter.java:117)
	at org.apache.catalina.core.ApplicationFilterChain.internalDoFilter(ApplicationFilterChain.java:178)
	at org.apache.catalina.core.ApplicationFilterChain.doFilter(ApplicationFilterChain.java:153)
	at org.springframework.web.filter.FormContentFilter.doFilterInternal(FormContentFilter.java:93)
	at org.springframework.web.filter.OncePerRequestFilter.doFilter(OncePerRequestFilter.java:117)
	at org.apache.catalina.core.ApplicationFilterChain.internalDoFilter(ApplicationFilterChain.java:178)
	at org.apache.catalina.core.ApplicationFilterChain.doFilter(ApplicationFilterChain.java:153)
	at org.springframework.web.filter.CharacterEncodingFilter.doFilterInternal(CharacterEncodingFilter.java:201)
	at org.springframework.web.filter.OncePerRequestFilter.doFilter(OncePerRequestFilter.java:117)
	at org.apache.catalina.core.ApplicationFilterChain.internalDoFilter(ApplicationFilterChain.java:178)
	at org.apache.catalina.core.ApplicationFilterChain.doFilter(ApplicationFilterChain.java:153)
	at org.apache.catalina.core.StandardWrapperValve.invoke(StandardWrapperValve.java:167)
	at org.apache.catalina.core.StandardContextValve.invoke(StandardContextValve.java:90)
	at org.apache.catalina.authenticator.AuthenticatorBase.invoke(AuthenticatorBase.java:481)
	at org.apache.catalina.core.StandardHostValve.invoke(StandardHostValve.java:130)
	at org.apache.catalina.valves.ErrorReportValve.invoke(ErrorReportValve.java:93)
	at org.apache.catalina.core.StandardEngineValve.invoke(StandardEngineValve.java:74)
	at org.apache.catalina.connector.CoyoteAdapter.service(CoyoteAdapter.java:343)
	at org.apache.coyote.http11.Http11Processor.service(Http11Processor.java:390)
	at org.apache.coyote.AbstractProcessorLight.process(AbstractProcessorLight.java:63)
	at org.apache.coyote.AbstractProtocol$ConnectionHandler.process(AbstractProtocol.java:926)
	at org.apache.tomcat.util.net.NioEndpoint$SocketProcessor.doRun(NioEndpoint.java:1791)
	at org.apache.tomcat.util.net.SocketProcessorBase.run(SocketProcessorBase.java:52)
	at org.apache.tomcat.util.threads.ThreadPoolExecutor.runWorker(ThreadPoolExecutor.java:1191)
	at org.apache.tomcat.util.threads.ThreadPoolExecutor$Worker.run(ThreadPoolExecutor.java:659)
	at org.apache.tomcat.util.threads.TaskThread$WrappingRunnable.run(TaskThread.java:61)
	at java.base/java.lang.Thread.run(Thread.java:1575)
2025-07-26 14:48:46 - User admin@example.com logged in successfully, redirecting to: /admin
2025-07-26 14:51:15 - Closing JPA EntityManagerFactory for persistence unit 'default'
2025-07-26 14:51:15 - HikariPool-1 - Shutdown initiated...
2025-07-26 14:51:15 - HikariPool-1 - Shutdown completed.
